> Task :app:checkstyleMain FAILED
[ant:checkstyle] [WARN] /home/picodotdev/Documentos/Software/personal/blog-ejemplos/GradlePlugin/JavaApplication/app/src/main/java/io/github/picodotdev/blogbitix/javaapplication/App.java:8:5: method def modifier en el nivel de sangrado 4 no está al nivel correcto, 2 [Indentation]
[ant:checkstyle] [WARN] /home/picodotdev/Documentos/Software/personal/blog-ejemplos/GradlePlugin/JavaApplication/app/src/main/java/io/github/picodotdev/blogbitix/javaapplication/App.java:9:9: method def el descendiente en el nivel de sangrado 8 no está al nivel correcto, 4 [Indentation]
[ant:checkstyle] [WARN] /home/picodotdev/Documentos/Software/personal/blog-ejemplos/GradlePlugin/JavaApplication/app/src/main/java/io/github/picodotdev/blogbitix/javaapplication/App.java:11:9: method def el descendiente en el nivel de sangrado 8 no está al nivel correcto, 4 [Indentation]
[ant:checkstyle] [WARN] /home/picodotdev/Documentos/Software/personal/blog-ejemplos/GradlePlugin/JavaApplication/app/src/main/java/io/github/picodotdev/blogbitix/javaapplication/App.java:12:9: method def el descendiente en el nivel de sangrado 8 no está al nivel correcto, 4 [Indentation]
[ant:checkstyle] [WARN] /home/picodotdev/Documentos/Software/personal/blog-ejemplos/GradlePlugin/JavaApplication/app/src/main/java/io/github/picodotdev/blogbitix/javaapplication/App.java:14:9: method def el descendiente en el nivel de sangrado 8 no está al nivel correcto, 4 [Indentation]
[ant:checkstyle] [WARN] /home/picodotdev/Documentos/Software/personal/blog-ejemplos/GradlePlugin/JavaApplication/app/src/main/java/io/github/picodotdev/blogbitix/javaapplication/App.java:16:5: method def rcurly en el nivel de sangrado 4 no está al nivel correcto, 2 [Indentation]

FAILURE: Build failed with an exception.

* What went wrong:
Execution failed for task ':app:checkstyleMain'.
> Checkstyle rule violations were found. See the report at: file:///home/picodotdev/Documentos/Software/personal/blog-ejemplos/GradlePlugin/JavaApplication/app/build/reports/checkstyle/main.html
  Checkstyle files with violations: 1
  Checkstyle violations by severity: [warning:6]


* Try:
> Run with --stacktrace option to get the stack trace.
> Run with --info or --debug option to get more log output.
> Run with --scan to get full insights.

* Get more help at https://help.gradle.org

BUILD FAILED in 1s
7 actionable tasks: 5 executed, 2 up-to-date